<?xml version="1.0" encoding="UTF-8"?>
<!-- Generated by org.testng.reporters.JUnitReportReporter -->
<testsuite skipped="0" hostname="Sumeet" name="retailbanking.tc.SmokeTest" tests="2" failures="0" timestamp="26 May 2019 11:44:03 GMT" time="61.990" errors="0">
  <testcase name="t_01_login" time="28.990" classname="retailbanking.tc.SmokeTest"/>
  <testcase name="t_02_transferfunds" time="33.000" classname="retailbanking.tc.SmokeTest"/>
</testsuite> <!-- retailbanking.tc.SmokeTest -->
