<?xml version="1.0" encoding="UTF-8"?>
<!-- Generated by org.testng.reporters.JUnitReportReporter -->
<testsuite skipped="0" hostname="Sumeet" name="retailbanking.tc.SmokeTest" tests="4" failures="0" timestamp="30 May 2019 10:02:20 GMT" time="559.395" errors="0">
  <testcase name="t_02_transferfunds" time="135.323" classname="retailbanking.tc.SmokeTest"/>
  <testcase name="t_04_addNewPayee" time="140.291" classname="retailbanking.tc.SmokeTest"/>
  <testcase name="t_01_login" time="129.842" classname="retailbanking.tc.SmokeTest"/>
  <testcase name="t_03_paybills" time="153.939" classname="retailbanking.tc.SmokeTest"/>
</testsuite> <!-- retailbanking.tc.SmokeTest -->
